
=== Tue Aug 22 17:14:08 2023

Packages were changed.
Update Mode: updateDependencies

The following packages were updated:
  com.unity.collab-proxy from version 1.17.2 to 2.0.4
  com.unity.ide.rider from version 3.0.15 to 3.0.21
  com.unity.ide.visualstudio from version 2.0.16 to 2.0.18
  com.unity.test-framework from version 1.1.31 to 1.1.33
  com.unity.timeline from version 1.6.4 to 1.6.5
  com.unity.visualscripting from version 1.7.8 to 1.8.0

=== Tue Feb 25 05:14:14 2025

Packages were changed.
Update Mode: updateDependencies

The following packages were added:
  com.unity.ai.navigation@2.0.5
  com.unity.modules.accessibility@1.0.0
  com.unity.multiplayer.center@1.0.0
The following packages were updated:
  com.unity.collab-proxy from version 2.0.4 to 2.5.2
  com.unity.feature.development from version 1.0.1 to 1.0.2
  com.unity.ide.rider from version 3.0.21 to 3.0.31
  com.unity.ide.visualstudio from version 2.0.18 to 2.0.22
  com.unity.recorder from version 3.0.3 to 5.1.1
  com.unity.test-framework from version 1.1.33 to 1.4.5
  com.unity.timeline from version 1.6.5 to 1.8.7
  com.unity.ugui from version 1.0.0 to 2.0.0
  com.unity.visualscripting from version 1.8.0 to 1.9.5
The following packages were removed:
  com.unity.textmeshpro@3.0.6
